<?xml version="1.0" encoding="UTF-8"?>
<!-- Generated by org.testng.reporters.JUnitReportReporter -->
<testsuite name="com.testcases.LoginApplication" tests="1" time="25.388" ignored="0" failures="0" timestamp="26 Mar 2020 06:47:50 GMT" skipped="0" hostname="IN5CG943BC8T" errors="0">
  <testcase name="Login" time="25.388" classname="com.testcases.LoginApplication"/>
</testsuite> <!-- com.testcases.LoginApplication -->
